-------------------------------------------------------------------------------
Test set: com.fssa.turbotrip.service.TestLoginFeature
-------------------------------------------------------------------------------
Tests run: 2, Failures: 1, Errors: 0, Skipped: 0, Time elapsed: 0.78 s <<< FAILURE! - in com.fssa.turbotrip.service.TestLoginFeature
loginSuccess  Time elapsed: 0.4 s  <<< FAILURE!
org.opentest4j.AssertionFailedError: expected: <true> but was: <false>
	at com.fssa.turbotrip.service.TestLoginFeature.loginSuccess(TestLoginFeature.java:18)

